2026-02-25 09:43:20,805 - Meow - INFO - Hello World
2026-02-25 09:43:38,582 - 200 ImageDelivered - INFO - Image source/user_photos/1564586532121120879.jpg has been sent to 5273583060
2026-02-25 09:43:39,596 - QrSuccGen - INFO - QR /qr_1771987419.jpg has been save to source/qrcodes/qr_1771987419.jpg
2026-03-04 09:47:06,740 - 200 ImageDelivered - INFO - Image source/user_photos/1564586532121120879.jpg has been sent to 5273583060
2026-03-04 09:47:07,724 - QR Successfully Generated - INFO - QR /qr_1772592427.jpg has been save to source/qrcodes/qr_1772592427.jpg
2026-03-04 09:51:14,272 - 200 ImageDelivered - INFO - Image source/user_photos/1564586532121120879.jpg has been sent to 5273583060
2026-03-04 09:51:15,566 - QR Successfully Generated - INFO - QR /qr_1772592675.jpg has been save to source/qrcodes/qr_1772592675.jpg
2026-03-04 17:51:48,011 - ConnectionError - ERROR - Device haven't internet connection
2026-03-04 17:52:29,631 - ConnectionError - ERROR - Device haven't internet connection
2026-03-04 17:53:17,301 - 200 ImageDelivered - INFO - Image source/user_photos/1564586532121120879.jpg has been sent to 5273583060
2026-03-04 17:53:18,283 - QR Successfully Generated - INFO - QR /qr_1772621598.jpg has been save to source/qrcodes/qr_1772621598.jpg
2026-03-04 17:54:32,971 - 200 ImageDelivered - INFO - Image source/user_photos/1564586532121120879.jpg has been sent to 5273583060
2026-03-04 17:54:34,162 - QR Successfully Generated - INFO - QR /qr_1772621674.jpg has been save to source/qrcodes/qr_1772621674.jpg
2026-03-04 17:55:38,149 - 200 ImageDelivered - INFO - Image source/user_photos/1564586532121120879.jpg has been sent to 5273583060
2026-03-04 17:55:39,307 - QR Successfully Generated - INFO - QR /qr_1772621739.jpg has been save to source/qrcodes/qr_1772621739.jpg
2026-03-09 01:47:23,183 - 200 ImageDelivered - INFO - Image source/user_photos/1564586532121120879.jpg has been sent to 5273583060
2026-03-09 01:47:23,586 - QR Successfully Generated - INFO - QR /qr_1772995643.jpg has been save to source/qrcodes/qr_1772995643.jpg
2026-03-09 01:47:55,467 - 200 ImageDelivered - INFO - Image source/user_photos/1564586532121120879.jpg has been sent to 5273583060
2026-03-09 01:47:55,832 - QR Successfully Generated - INFO - QR /qr_1772995675.jpg has been save to source/qrcodes/qr_1772995675.jpg
2026-03-09 02:19:16,233 - 200 ImageDelivered - INFO - Image source/user_photos/1564586532121120879.jpg has been sent to 5273583060
2026-03-09 02:19:16,603 - QR Successfully Generated - INFO - QR /qr_1772997556.jpg has been save to source/qrcodes/qr_1772997556.jpg
2026-03-09 02:20:39,298 - 200 ImageDelivered - INFO - Image source/user_photos/1564586532121120879.jpg has been sent to 5273583060
2026-03-09 02:20:39,666 - QR Successfully Generated - INFO - QR /qr_1772997639.jpg has been save to source/qrcodes/qr_1772997639.jpg
2026-03-09 02:23:22,792 - 200 ImageDelivered - INFO - Image source/user_photos/1564586532121120879.jpg has been sent to 5273583060
2026-03-09 02:23:23,174 - QR Successfully Generated - INFO - QR /qr_1772997803.jpg has been save to source/qrcodes/qr_1772997803.jpg
2026-03-09 02:23:23,179 - ImageNotFound - ERROR - Image not found
2026-03-09 02:24:07,786 - 200 ImageDelivered - INFO - Image source/user_photos/1564586532121120879.jpg has been sent to 5273583060
2026-03-09 02:24:08,162 - QR Successfully Generated - INFO - QR /qr_1772997848.jpg has been save to source/qrcodes/qr_1772997848.jpg
2026-03-09 02:24:08,167 - ImageNotFound - ERROR - Image not found
2026-03-09 02:24:28,737 - ImageNotFound - ERROR - Image not found
2026-03-09 02:24:28,737 - ImageNotFound - ERROR - Image not found
2026-03-09 02:24:34,078 - ImageNotFound - ERROR - Image not found
2026-03-09 02:24:34,078 - ImageNotFound - ERROR - Image not found
2026-03-09 02:24:34,078 - ImageNotFound - ERROR - Image not found
2026-03-09 02:24:34,270 - ImageNotFound - ERROR - Image not found
2026-03-09 02:24:34,270 - ImageNotFound - ERROR - Image not found
2026-03-09 02:24:34,270 - ImageNotFound - ERROR - Image not found
2026-03-09 02:24:34,270 - ImageNotFound - ERROR - Image not found
2026-03-09 02:24:34,436 - ImageNotFound - ERROR - Image not found
2026-03-09 02:24:34,436 - ImageNotFound - ERROR - Image not found
2026-03-09 02:24:34,436 - ImageNotFound - ERROR - Image not found
2026-03-09 02:24:34,436 - ImageNotFound - ERROR - Image not found
2026-03-09 02:24:34,436 - ImageNotFound - ERROR - Image not found
2026-03-09 02:24:34,618 - ImageNotFound - ERROR - Image not found
2026-03-09 02:24:34,618 - ImageNotFound - ERROR - Image not found
2026-03-09 02:24:34,618 - ImageNotFound - ERROR - Image not found
2026-03-09 02:24:34,618 - ImageNotFound - ERROR - Image not found
2026-03-09 02:24:34,618 - ImageNotFound - ERROR - Image not found
2026-03-09 02:24:34,618 - ImageNotFound - ERROR - Image not found
2026-03-09 02:24:34,786 - ImageNotFound - ERROR - Image not found
2026-03-09 02:24:34,786 - ImageNotFound - ERROR - Image not found
2026-03-09 02:24:34,786 - ImageNotFound - ERROR - Image not found
2026-03-09 02:24:34,786 - ImageNotFound - ERROR - Image not found
2026-03-09 02:24:34,786 - ImageNotFound - ERROR - Image not found
2026-03-09 02:24:34,786 - ImageNotFound - ERROR - Image not found
2026-03-09 02:24:34,786 - ImageNotFound - ERROR - Image not found
2026-03-09 02:24:35,471 - ImageNotFound - ERROR - Image not found
2026-03-09 02:24:35,471 - ImageNotFound - ERROR - Image not found
2026-03-09 02:24:35,471 - ImageNotFound - ERROR - Image not found
2026-03-09 02:24:35,471 - ImageNotFound - ERROR - Image not found
2026-03-09 02:24:35,471 - ImageNotFound - ERROR - Image not found
2026-03-09 02:24:35,471 - ImageNotFound - ERROR - Image not found
2026-03-09 02:24:35,471 - ImageNotFound - ERROR - Image not found
2026-03-09 02:24:35,471 - ImageNotFound - ERROR - Image not found
2026-03-09 02:24:35,662 - ImageNotFound - ERROR - Image not found
2026-03-09 02:24:35,662 - ImageNotFound - ERROR - Image not found
2026-03-09 02:24:35,662 - ImageNotFound - ERROR - Image not found
2026-03-09 02:24:35,662 - ImageNotFound - ERROR - Image not found
2026-03-09 02:24:35,662 - ImageNotFound - ERROR - Image not found
2026-03-09 02:24:35,662 - ImageNotFound - ERROR - Image not found
2026-03-09 02:24:35,662 - ImageNotFound - ERROR - Image not found
2026-03-09 02:24:35,662 - ImageNotFound - ERROR - Image not found
2026-03-09 02:24:35,662 - ImageNotFound - ERROR - Image not found
2026-03-09 02:24:35,859 - ImageNotFound - ERROR - Image not found
2026-03-09 02:24:35,859 - ImageNotFound - ERROR - Image not found
2026-03-09 02:24:35,859 - ImageNotFound - ERROR - Image not found
2026-03-09 02:24:35,859 - ImageNotFound - ERROR - Image not found
2026-03-09 02:24:35,859 - ImageNotFound - ERROR - Image not found
2026-03-09 02:24:35,859 - ImageNotFound - ERROR - Image not found
2026-03-09 02:24:35,859 - ImageNotFound - ERROR - Image not found
2026-03-09 02:24:35,859 - ImageNotFound - ERROR - Image not found
2026-03-09 02:24:35,859 - ImageNotFound - ERROR - Image not found
2026-03-09 02:24:35,859 - ImageNotFound - ERROR - Image not found
2026-03-09 02:24:36,036 - ImageNotFound - ERROR - Image not found
2026-03-09 02:24:36,036 - ImageNotFound - ERROR - Image not found
2026-03-09 02:24:36,036 - ImageNotFound - ERROR - Image not found
2026-03-09 02:24:36,036 - ImageNotFound - ERROR - Image not found
2026-03-09 02:24:36,036 - ImageNotFound - ERROR - Image not found
2026-03-09 02:24:36,036 - ImageNotFound - ERROR - Image not found
2026-03-09 02:24:36,036 - ImageNotFound - ERROR - Image not found
2026-03-09 02:24:36,036 - ImageNotFound - ERROR - Image not found
2026-03-09 02:24:36,036 - ImageNotFound - ERROR - Image not found
2026-03-09 02:24:36,036 - ImageNotFound - ERROR - Image not found
2026-03-09 02:24:36,036 - ImageNotFound - ERROR - Image not found
2026-03-09 02:24:36,216 - ImageNotFound - ERROR - Image not found
2026-03-09 02:24:36,216 - ImageNotFound - ERROR - Image not found
2026-03-09 02:24:36,216 - ImageNotFound - ERROR - Image not found
2026-03-09 02:24:36,216 - ImageNotFound - ERROR - Image not found
2026-03-09 02:24:36,216 - ImageNotFound - ERROR - Image not found
2026-03-09 02:24:36,216 - ImageNotFound - ERROR - Image not found
2026-03-09 02:24:36,216 - ImageNotFound - ERROR - Image not found
2026-03-09 02:24:36,216 - ImageNotFound - ERROR - Image not found
2026-03-09 02:24:36,216 - ImageNotFound - ERROR - Image not found
2026-03-09 02:24:36,216 - ImageNotFound - ERROR - Image not found
2026-03-09 02:24:36,216 - ImageNotFound - ERROR - Image not found
2026-03-09 02:24:36,216 - ImageNotFound - ERROR - Image not found
2026-03-09 02:24:36,405 - ImageNotFound - ERROR - Image not found
2026-03-09 02:24:36,405 - ImageNotFound - ERROR - Image not found
2026-03-09 02:24:36,405 - ImageNotFound - ERROR - Image not found
2026-03-09 02:24:36,405 - ImageNotFound - ERROR - Image not found
2026-03-09 02:24:36,405 - ImageNotFound - ERROR - Image not found
2026-03-09 02:24:36,405 - ImageNotFound - ERROR - Image not found
2026-03-09 02:24:36,405 - ImageNotFound - ERROR - Image not found
2026-03-09 02:24:36,405 - ImageNotFound - ERROR - Image not found
2026-03-09 02:24:36,405 - ImageNotFound - ERROR - Image not found
2026-03-09 02:24:36,405 - ImageNotFound - ERROR - Image not found
2026-03-09 02:24:36,405 - ImageNotFound - ERROR - Image not found
2026-03-09 02:24:36,405 - ImageNotFound - ERROR - Image not found
2026-03-09 02:24:36,405 - ImageNotFound - ERROR - Image not found
2026-03-09 02:24:36,591 - ImageNotFound - ERROR - Image not found
2026-03-09 02:24:36,591 - ImageNotFound - ERROR - Image not found
2026-03-09 02:24:36,591 - ImageNotFound - ERROR - Image not found
2026-03-09 02:24:36,591 - ImageNotFound - ERROR - Image not found
2026-03-09 02:24:36,591 - ImageNotFound - ERROR - Image not found
2026-03-09 02:24:36,591 - ImageNotFound - ERROR - Image not found
2026-03-09 02:24:36,591 - ImageNotFound - ERROR - Image not found
2026-03-09 02:24:36,591 - ImageNotFound - ERROR - Image not found
2026-03-09 02:24:36,591 - ImageNotFound - ERROR - Image not found
2026-03-09 02:24:36,591 - ImageNotFound - ERROR - Image not found
2026-03-09 02:24:36,591 - ImageNotFound - ERROR - Image not found
2026-03-09 02:24:36,591 - ImageNotFound - ERROR - Image not found
2026-03-09 02:24:36,591 - ImageNotFound - ERROR - Image not found
2026-03-09 02:24:36,591 - ImageNotFound - ERROR - Image not found
2026-03-09 02:24:36,772 - ImageNotFound - ERROR - Image not found
2026-03-09 02:24:36,772 - ImageNotFound - ERROR - Image not found
2026-03-09 02:24:36,772 - ImageNotFound - ERROR - Image not found
2026-03-09 02:24:36,772 - ImageNotFound - ERROR - Image not found
2026-03-09 02:24:36,772 - ImageNotFound - ERROR - Image not found
2026-03-09 02:24:36,772 - ImageNotFound - ERROR - Image not found
2026-03-09 02:24:36,772 - ImageNotFound - ERROR - Image not found
2026-03-09 02:24:36,772 - ImageNotFound - ERROR - Image not found
2026-03-09 02:24:36,772 - ImageNotFound - ERROR - Image not found
2026-03-09 02:24:36,772 - ImageNotFound - ERROR - Image not found
2026-03-09 02:24:36,772 - ImageNotFound - ERROR - Image not found
2026-03-09 02:24:36,772 - ImageNotFound - ERROR - Image not found
2026-03-09 02:24:36,772 - ImageNotFound - ERROR - Image not found
2026-03-09 02:24:36,772 - ImageNotFound - ERROR - Image not found
2026-03-09 02:24:36,772 - ImageNotFound - ERROR - Image not found
2026-03-09 02:24:36,955 - ImageNotFound - ERROR - Image not found
2026-03-09 02:24:36,955 - ImageNotFound - ERROR - Image not found
2026-03-09 02:24:36,955 - ImageNotFound - ERROR - Image not found
2026-03-09 02:24:36,955 - ImageNotFound - ERROR - Image not found
2026-03-09 02:24:36,955 - ImageNotFound - ERROR - Image not found
2026-03-09 02:24:36,955 - ImageNotFound - ERROR - Image not found
2026-03-09 02:24:36,955 - ImageNotFound - ERROR - Image not found
2026-03-09 02:24:36,955 - ImageNotFound - ERROR - Image not found
2026-03-09 02:24:36,955 - ImageNotFound - ERROR - Image not found
2026-03-09 02:24:36,955 - ImageNotFound - ERROR - Image not found
2026-03-09 02:24:36,955 - ImageNotFound - ERROR - Image not found
2026-03-09 02:24:36,955 - ImageNotFound - ERROR - Image not found
2026-03-09 02:24:36,955 - ImageNotFound - ERROR - Image not found
2026-03-09 02:24:36,955 - ImageNotFound - ERROR - Image not found
2026-03-09 02:24:36,955 - ImageNotFound - ERROR - Image not found
2026-03-09 02:24:36,955 - ImageNotFound - ERROR - Image not found
2026-03-09 02:24:37,737 - ImageNotFound - ERROR - Image not found
2026-03-09 02:24:37,737 - ImageNotFound - ERROR - Image not found
2026-03-09 02:24:37,737 - ImageNotFound - ERROR - Image not found
2026-03-09 02:24:37,737 - ImageNotFound - ERROR - Image not found
2026-03-09 02:24:37,737 - ImageNotFound - ERROR - Image not found
2026-03-09 02:24:37,737 - ImageNotFound - ERROR - Image not found
2026-03-09 02:24:37,737 - ImageNotFound - ERROR - Image not found
2026-03-09 02:24:37,737 - ImageNotFound - ERROR - Image not found
2026-03-09 02:24:37,737 - ImageNotFound - ERROR - Image not found
2026-03-09 02:24:37,737 - ImageNotFound - ERROR - Image not found
2026-03-09 02:24:37,737 - ImageNotFound - ERROR - Image not found
2026-03-09 02:24:37,737 - ImageNotFound - ERROR - Image not found
2026-03-09 02:24:37,737 - ImageNotFound - ERROR - Image not found
2026-03-09 02:24:37,737 - ImageNotFound - ERROR - Image not found
2026-03-09 02:24:37,737 - ImageNotFound - ERROR - Image not found
2026-03-09 02:24:37,737 - ImageNotFound - ERROR - Image not found
2026-03-09 02:24:37,737 - ImageNotFound - ERROR - Image not found
2026-03-09 02:24:37,936 - ImageNotFound - ERROR - Image not found
2026-03-09 02:24:37,936 - ImageNotFound - ERROR - Image not found
2026-03-09 02:24:37,936 - ImageNotFound - ERROR - Image not found
2026-03-09 02:24:37,936 - ImageNotFound - ERROR - Image not found
2026-03-09 02:24:37,936 - ImageNotFound - ERROR - Image not found
2026-03-09 02:24:37,936 - ImageNotFound - ERROR - Image not found
2026-03-09 02:24:37,936 - ImageNotFound - ERROR - Image not found
2026-03-09 02:24:37,936 - ImageNotFound - ERROR - Image not found
2026-03-09 02:24:37,936 - ImageNotFound - ERROR - Image not found
2026-03-09 02:24:37,936 - ImageNotFound - ERROR - Image not found
2026-03-09 02:24:37,936 - ImageNotFound - ERROR - Image not found
2026-03-09 02:24:37,936 - ImageNotFound - ERROR - Image not found
2026-03-09 02:24:37,936 - ImageNotFound - ERROR - Image not found
2026-03-09 02:24:37,936 - ImageNotFound - ERROR - Image not found
2026-03-09 02:24:37,936 - ImageNotFound - ERROR - Image not found
2026-03-09 02:24:37,936 - ImageNotFound - ERROR - Image not found
2026-03-09 02:24:37,936 - ImageNotFound - ERROR - Image not found
2026-03-09 02:24:37,936 - ImageNotFound - ERROR - Image not found
2026-03-09 02:24:38,113 - ImageNotFound - ERROR - Image not found
2026-03-09 02:24:38,113 - ImageNotFound - ERROR - Image not found
2026-03-09 02:24:38,113 - ImageNotFound - ERROR - Image not found
2026-03-09 02:24:38,113 - ImageNotFound - ERROR - Image not found
2026-03-09 02:24:38,113 - ImageNotFound - ERROR - Image not found
2026-03-09 02:24:38,113 - ImageNotFound - ERROR - Image not found
2026-03-09 02:24:38,113 - ImageNotFound - ERROR - Image not found
2026-03-09 02:24:38,113 - ImageNotFound - ERROR - Image not found
2026-03-09 02:24:38,113 - ImageNotFound - ERROR - Image not found
2026-03-09 02:24:38,113 - ImageNotFound - ERROR - Image not found
2026-03-09 02:24:38,113 - ImageNotFound - ERROR - Image not found
2026-03-09 02:24:38,113 - ImageNotFound - ERROR - Image not found
2026-03-09 02:24:38,113 - ImageNotFound - ERROR - Image not found
2026-03-09 02:24:38,113 - ImageNotFound - ERROR - Image not found
2026-03-09 02:24:38,113 - ImageNotFound - ERROR - Image not found
2026-03-09 02:24:38,113 - ImageNotFound - ERROR - Image not found
2026-03-09 02:24:38,113 - ImageNotFound - ERROR - Image not found
2026-03-09 02:24:38,113 - ImageNotFound - ERROR - Image not found
2026-03-09 02:24:38,113 - ImageNotFound - ERROR - Image not found
2026-03-09 02:24:39,085 - ImageNotFound - ERROR - Image not found
2026-03-09 02:24:39,085 - ImageNotFound - ERROR - Image not found
2026-03-09 02:24:39,085 - ImageNotFound - ERROR - Image not found
2026-03-09 02:24:39,085 - ImageNotFound - ERROR - Image not found
2026-03-09 02:24:39,085 - ImageNotFound - ERROR - Image not found
2026-03-09 02:24:39,085 - ImageNotFound - ERROR - Image not found
2026-03-09 02:24:39,085 - ImageNotFound - ERROR - Image not found
2026-03-09 02:24:39,085 - ImageNotFound - ERROR - Image not found
2026-03-09 02:24:39,085 - ImageNotFound - ERROR - Image not found
2026-03-09 02:24:39,085 - ImageNotFound - ERROR - Image not found
2026-03-09 02:24:39,085 - ImageNotFound - ERROR - Image not found
2026-03-09 02:24:39,085 - ImageNotFound - ERROR - Image not found
2026-03-09 02:24:39,085 - ImageNotFound - ERROR - Image not found
2026-03-09 02:24:39,085 - ImageNotFound - ERROR - Image not found
2026-03-09 02:24:39,085 - ImageNotFound - ERROR - Image not found
2026-03-09 02:24:39,085 - ImageNotFound - ERROR - Image not found
2026-03-09 02:24:39,085 - ImageNotFound - ERROR - Image not found
2026-03-09 02:24:39,085 - ImageNotFound - ERROR - Image not found
2026-03-09 02:24:39,085 - ImageNotFound - ERROR - Image not found
2026-03-09 02:24:39,085 - ImageNotFound - ERROR - Image not found
2026-03-09 02:24:40,435 - ImageNotFound - ERROR - Image not found
2026-03-09 02:24:40,435 - ImageNotFound - ERROR - Image not found
2026-03-09 02:24:40,435 - ImageNotFound - ERROR - Image not found
2026-03-09 02:24:40,435 - ImageNotFound - ERROR - Image not found
2026-03-09 02:24:40,435 - ImageNotFound - ERROR - Image not found
2026-03-09 02:24:40,435 - ImageNotFound - ERROR - Image not found
2026-03-09 02:24:40,435 - ImageNotFound - ERROR - Image not found
2026-03-09 02:24:40,435 - ImageNotFound - ERROR - Image not found
2026-03-09 02:24:40,435 - ImageNotFound - ERROR - Image not found
2026-03-09 02:24:40,435 - ImageNotFound - ERROR - Image not found
2026-03-09 02:24:40,435 - ImageNotFound - ERROR - Image not found
2026-03-09 02:24:40,435 - ImageNotFound - ERROR - Image not found
2026-03-09 02:24:40,435 - ImageNotFound - ERROR - Image not found
2026-03-09 02:24:40,435 - ImageNotFound - ERROR - Image not found
2026-03-09 02:24:40,435 - ImageNotFound - ERROR - Image not found
2026-03-09 02:24:40,435 - ImageNotFound - ERROR - Image not found
2026-03-09 02:24:40,435 - ImageNotFound - ERROR - Image not found
2026-03-09 02:24:40,435 - ImageNotFound - ERROR - Image not found
2026-03-09 02:24:40,435 - ImageNotFound - ERROR - Image not found
2026-03-09 02:24:40,435 - ImageNotFound - ERROR - Image not found
2026-03-09 02:24:40,435 - ImageNotFound - ERROR - Image not found
2026-03-09 02:24:44,310 - ImageNotFound - ERROR - Image not found
2026-03-09 02:24:44,310 - ImageNotFound - ERROR - Image not found
2026-03-09 02:24:44,310 - ImageNotFound - ERROR - Image not found
2026-03-09 02:24:44,310 - ImageNotFound - ERROR - Image not found
2026-03-09 02:24:44,310 - ImageNotFound - ERROR - Image not found
2026-03-09 02:24:44,310 - ImageNotFound - ERROR - Image not found
2026-03-09 02:24:44,310 - ImageNotFound - ERROR - Image not found
2026-03-09 02:24:44,310 - ImageNotFound - ERROR - Image not found
2026-03-09 02:24:44,310 - ImageNotFound - ERROR - Image not found
2026-03-09 02:24:44,310 - ImageNotFound - ERROR - Image not found
2026-03-09 02:24:44,310 - ImageNotFound - ERROR - Image not found
2026-03-09 02:24:44,310 - ImageNotFound - ERROR - Image not found
2026-03-09 02:24:44,310 - ImageNotFound - ERROR - Image not found
2026-03-09 02:24:44,310 - ImageNotFound - ERROR - Image not found
2026-03-09 02:24:44,310 - ImageNotFound - ERROR - Image not found
2026-03-09 02:24:44,310 - ImageNotFound - ERROR - Image not found
2026-03-09 02:24:44,310 - ImageNotFound - ERROR - Image not found
2026-03-09 02:24:44,310 - ImageNotFound - ERROR - Image not found
2026-03-09 02:24:44,310 - ImageNotFound - ERROR - Image not found
2026-03-09 02:24:44,310 - ImageNotFound - ERROR - Image not found
2026-03-09 02:24:44,310 - ImageNotFound - ERROR - Image not found
2026-03-09 02:24:44,310 - ImageNotFound - ERROR - Image not found
2026-03-09 02:28:03,935 - 200 ImageDelivered - INFO - Image source/user_photos/1564586532121120879.jpg has been sent to 5273583060
2026-03-09 02:28:04,312 - QR Successfully Generated - INFO - QR /qr_1772998084.jpg has been save to source/qrcodes/qr_1772998084.jpg
2026-03-09 02:28:04,321 - ImageNotFound - ERROR - Image not found
2026-03-09 02:31:22,551 - 200 ImageDelivered - INFO - Image source/user_photos/1564586532121120879.jpg has been sent to 5273583060
2026-03-09 02:31:22,930 - QR Successfully Generated - INFO - QR /qr_1772998282.jpg has been save to source/qrcodes/qr_1772998282.jpg
2026-03-09 02:31:22,938 - ImageNotFound - ERROR - Image not found
2026-03-09 02:31:36,147 - 200 ImageDelivered - INFO - Image source/user_photos/1564586532121120879.jpg has been sent to 5273583060
2026-03-09 02:31:36,525 - QR Successfully Generated - INFO - QR /qr_1772998296.jpg has been save to source/qrcodes/qr_1772998296.jpg
2026-03-09 02:31:36,531 - ImageNotFound - ERROR - Image not found
2026-03-09 02:32:11,619 - 200 ImageDelivered - INFO - Image source/user_photos/1564586532121120879.jpg has been sent to 5273583060
2026-03-09 02:32:12,002 - QR Successfully Generated - INFO - QR /qr_1772998332.jpg has been save to source/qrcodes/qr_1772998332.jpg
2026-03-09 02:32:12,007 - ImageNotFound - ERROR - Image not found
2026-03-09 02:33:30,363 - 200 ImageDelivered - INFO - Image source/user_photos/1564586532121120879.jpg has been sent to 5273583060
2026-03-09 02:33:30,735 - QR Successfully Generated - INFO - QR /qr_1772998410.jpg has been save to source/qrcodes/qr_1772998410.jpg
2026-03-09 02:33:30,741 - ImageNotFound - ERROR - Image not found
2026-03-09 02:34:27,490 - 200 ImageDelivered - INFO - Image source/user_photos/1564586532121120879.jpg has been sent to 5273583060
2026-03-09 02:34:27,854 - QR Successfully Generated - INFO - QR /qr_1772998467.jpg has been save to source/qrcodes/qr_1772998467.jpg
2026-03-09 02:34:27,860 - ImageNotFound - ERROR - Image not found
2026-03-09 02:34:54,867 - 200 ImageDelivered - INFO - Image source/user_photos/1564586532121120879.jpg has been sent to 5273583060
2026-03-09 02:34:55,241 - QR Successfully Generated - INFO - QR /qr_1772998495.jpg has been save to source/qrcodes/qr_1772998495.jpg
2026-03-09 02:34:55,247 - ImageNotFound - ERROR - Image not found
2026-03-09 02:36:08,158 - 200 ImageDelivered - INFO - Image source/user_photos/1564586532121120879.jpg has been sent to 5273583060
2026-03-09 02:36:08,538 - QR Successfully Generated - INFO - QR /qr_1772998568.jpg has been save to source/qrcodes/qr_1772998568.jpg
2026-03-09 02:36:08,544 - ImageNotFound - ERROR - Image not found
2026-03-09 02:37:24,780 - 200 ImageDelivered - INFO - Image source/user_photos/1564586532121120879.jpg has been sent to 5273583060
2026-03-09 02:37:25,147 - QR Successfully Generated - INFO - QR /qr_1772998645.jpg has been save to source/qrcodes/qr_1772998645.jpg
2026-03-09 02:37:36,954 - ImageNotFound - ERROR - Image not found
2026-03-09 02:37:39,138 - ImageNotFound - ERROR - Image not found
2026-03-09 02:37:39,138 - ImageNotFound - ERROR - Image not found
2026-03-09 02:37:39,292 - ImageNotFound - ERROR - Image not found
2026-03-09 02:37:39,292 - ImageNotFound - ERROR - Image not found
2026-03-09 02:37:39,292 - ImageNotFound - ERROR - Image not found
2026-03-09 02:37:39,500 - ImageNotFound - ERROR - Image not found
2026-03-09 02:37:39,500 - ImageNotFound - ERROR - Image not found
2026-03-09 02:37:39,500 - ImageNotFound - ERROR - Image not found
2026-03-09 02:37:39,500 - ImageNotFound - ERROR - Image not found
2026-03-09 02:37:39,692 - ImageNotFound - ERROR - Image not found
2026-03-09 02:37:39,692 - ImageNotFound - ERROR - Image not found
2026-03-09 02:37:39,692 - ImageNotFound - ERROR - Image not found
2026-03-09 02:37:39,692 - ImageNotFound - ERROR - Image not found
2026-03-09 02:37:39,692 - ImageNotFound - ERROR - Image not found
2026-03-09 02:43:41,656 - 200 ImageDelivered - INFO - Image source/user_photos/1564586532121120879.jpg has been sent to 5273583060
2026-03-09 02:43:42,043 - QR Successfully Generated - INFO - QR /qr_1772999022.jpg has been save to source/qrcodes/qr_1772999022.jpg
2026-03-09 02:44:26,253 - 200 ImageDelivered - INFO - Image source/user_photos/user_1772999033.jpg has been sent to popenkozakharwm@gmail.com
2026-03-09 02:44:26,253 - 200 ImageDelivered - INFO - Image source/user_photos/user_1772999033.jpg has been sent to popenkozakharwm@gmail.com
2026-03-09 02:44:48,121 - 200 ImageDelivered - INFO - Image source/user_photos/user_1772999033.jpg has been sent to popenkozakharwm@gmail.com
2026-03-09 02:44:48,121 - 200 ImageDelivered - INFO - Image source/user_photos/user_1772999033.jpg has been sent to popenkozakharwm@gmail.com
2026-03-09 02:44:48,121 - 200 ImageDelivered - INFO - Image source/user_photos/user_1772999033.jpg has been sent to popenkozakharwm@gmail.com
2026-03-09 02:44:56,321 - 200 ImageDelivered - INFO - Image source/user_photos/user_1772999033.jpg has been sent to popenkozakharwm@gmail.com
2026-03-09 02:44:56,321 - 200 ImageDelivered - INFO - Image source/user_photos/user_1772999033.jpg has been sent to popenkozakharwm@gmail.com
2026-03-09 02:44:56,321 - 200 ImageDelivered - INFO - Image source/user_photos/user_1772999033.jpg has been sent to popenkozakharwm@gmail.com
2026-03-09 02:44:56,321 - 200 ImageDelivered - INFO - Image source/user_photos/user_1772999033.jpg has been sent to popenkozakharwm@gmail.com
2026-03-09 02:45:14,058 - 200 ImageDelivered - INFO - Image source/user_photos/user_1772999033.jpg has been sent to 5273583060
2026-03-09 02:45:14,058 - 200 ImageDelivered - INFO - Image source/user_photos/user_1772999033.jpg has been sent to 5273583060
2026-03-09 02:45:14,058 - 200 ImageDelivered - INFO - Image source/user_photos/user_1772999033.jpg has been sent to 5273583060
2026-03-09 02:45:14,058 - 200 ImageDelivered - INFO - Image source/user_photos/user_1772999033.jpg has been sent to 5273583060
2026-03-09 02:45:14,058 - 200 ImageDelivered - INFO - Image source/user_photos/user_1772999033.jpg has been sent to 5273583060
2026-03-09 02:51:19,784 - 200 ImageDelivered - INFO - Image source/user_photos/1564586532121120879.jpg has been sent to 5273583060
2026-03-09 02:51:26,572 - QR Successfully Generated - INFO - QR /qr_1772999486.jpg has been save to source/qrcodes/qr_1772999486.jpg
2026-03-09 02:53:43,140 - 200 ImageDelivered - INFO - Image source/user_photos/1564586532121120879.jpg has been sent to 5273583060
2026-03-09 02:53:43,525 - QR Successfully Generated - INFO - QR /qr_1772999623.jpg has been save to source/qrcodes/qr_1772999623.jpg
2026-03-09 02:55:58,878 - 200 ImageDelivered - INFO - Image source/user_photos/1564586532121120879.jpg has been sent to 5273583060
2026-03-09 02:55:59,241 - QR Successfully Generated - INFO - QR /qr_1772999759.jpg has been save to source/qrcodes/qr_1772999759.jpg
2026-03-09 02:57:44,869 - 200 ImageDelivered - INFO - Image source/user_photos/user_1772999826.jpg has been sent to 5273583060
2026-03-09 02:57:44,869 - 200 ImageDelivered - INFO - Image source/user_photos/user_1772999826.jpg has been sent to 5273583060
2026-03-09 03:01:54,358 - ImageNotFound - ERROR - Image not found
2026-03-09 03:05:33,862 - ImageNotFound - ERROR - Image not found
2026-03-09 03:06:22,132 - ImageNotFound - ERROR - Image not found
2026-03-09 03:06:22,132 - ImageNotFound - ERROR - please try again
2026-03-09 03:06:22,132 - ImageNotFound - ERROR - please try again
2026-03-09 03:07:05,738 - 200 ImageDelivered - INFO - Image source/image/generated/gen_1773000421.png has been sent to 5273583060
2026-03-09 03:07:19,988 - 200 ImageDelivered - INFO - Image source/image/generated/gen_1773000421.png has been sent to popenkozakharwm@gmail.com
2026-03-09 03:07:19,988 - 200 ImageDelivered - INFO - Image source/image/generated/gen_1773000421.png has been sent to popenkozakharwm@gmail.com
2026-03-09 03:08:33,374 - ImageNotFound - ERROR - Image not found
2026-03-09 03:08:33,375 - ImageNotFound - ERROR - please try again
2026-03-09 03:08:33,375 - ImageNotFound - ERROR - please try again
2026-03-09 03:13:11,935 - ImageNotFound - ERROR - please try again
2026-03-09 03:13:31,344 - 200 ImageDelivered - INFO - Image source/image/generated/gen_1773000810.png has been sent to 5273583060
2026-03-09 03:13:31,752 - QR Successfully Generated - INFO - QR /qr_1773000811.jpg has been save to source/qrcodes/qr_1773000811.jpg
2026-03-09 03:17:15,428 - ImageNotFound - ERROR - please try again
2026-03-09 03:17:32,642 - 200 ImageDelivered - INFO - Image source/image/generated/gen_1773001051.png has been sent to 5273583060
2026-03-09 03:17:33,418 - QR Successfully Generated - INFO - QR /qr_1773001053.jpg has been save to source/qrcodes/qr_1773001053.jpg
2026-03-09 03:17:35,451 - ResultImageError - ERROR - 'QRPage' object has no attribute 'qr_label'
2026-03-09 03:18:48,364 - 200 ImageDelivered - INFO - Image source/image/generated/gen_1773001126.png has been sent to 5273583060
2026-03-09 03:18:48,757 - QR Successfully Generated - INFO - QR /qr_1773001128.jpg has been save to source/qrcodes/qr_1773001128.jpg
2026-03-09 03:21:28,590 - 200 ImageDelivered - INFO - Image source/image/generated/gen_1773001287.png has been sent to 5273583060
2026-03-09 03:21:30,777 - QR Successfully Generated - INFO - QR /qr_1773001290.jpg has been save to source/qrcodes/qr_1773001290.jpg
2026-03-09 03:24:43,782 - 200 ImageDelivered - INFO - Image source/image/generated/gen_1773001482.png has been sent to 5273583060
2026-03-09 03:24:44,168 - QR Successfully Generated - INFO - QR /qr_1773001484.jpg has been save to source/qrcodes/qr_1773001484.jpg
2026-03-09 03:27:04,640 - 200 ImageDelivered - INFO - Image source/image/generated/gen_1773001623.png has been sent to 5273583060
2026-03-09 03:27:05,024 - QR Successfully Generated - INFO - QR /qr_1773001625.jpg has been save to source/qrcodes/qr_1773001625.jpg
2026-03-09 03:27:14,171 - 200 ImageDelivered - INFO - Image source/image/generated/gen_1773001623.png has been sent to 5273583060
2026-03-09 03:27:14,171 - 200 ImageDelivered - INFO - Image source/image/generated/gen_1773001623.png has been sent to 5273583060
2026-03-09 03:27:28,521 - 200 ImageDelivered - INFO - Image source/image/generated/gen_1773001623.png has been sent to popenkozakharwm@gmail.com
2026-03-09 03:27:28,521 - 200 ImageDelivered - INFO - Image source/image/generated/gen_1773001623.png has been sent to popenkozakharwm@gmail.com
2026-03-09 03:27:28,521 - 200 ImageDelivered - INFO - Image source/image/generated/gen_1773001623.png has been sent to popenkozakharwm@gmail.com
